c:\users\corinne green\desktop\dx11starter\dx11starter\x64\debug\vc141.pdb
c:\users\corinne green\desktop\dx11starter\dx11starter\x64\debug\vc141.idb
c:\users\corinne green\desktop\dx11starter\dx11starter\x64\debug\camera.obj
c:\users\corinne green\desktop\dx11starter\dx11starter\x64\debug\dxcore.obj
c:\users\corinne green\desktop\dx11starter\dx11starter\x64\debug\entity.obj
c:\users\corinne green\desktop\dx11starter\dx11starter\x64\debug\main.obj
c:\users\corinne green\desktop\dx11starter\dx11starter\x64\debug\material.obj
c:\users\corinne green\desktop\dx11starter\dx11starter\x64\debug\simpleshader.obj
c:\users\corinne green\desktop\dx11starter\dx11starter\x64\debug\game.obj
c:\users\corinne green\desktop\dx11starter\dx11starter\x64\debug\mesh.obj
c:\users\corinne green\desktop\dx11starter\x64\debug\pixelshader.cso
c:\users\corinne green\desktop\dx11starter\x64\debug\vertexshader.cso
c:\users\corinne green\desktop\dx11starter\x64\debug\dx11starter.exe
c:\users\corinne green\desktop\dx11starter\x64\debug\dx11starter.ilk
c:\users\corinne green\desktop\dx11starter\x64\debug\dx11starter.pdb
c:\users\corinne green\desktop\dx11starter\dx11starter\x64\debug\dx11starter.tlog\cl.command.1.tlog
c:\users\corinne green\desktop\dx11starter\dx11starter\x64\debug\dx11starter.tlog\cl.read.1.tlog
c:\users\corinne green\desktop\dx11starter\dx11starter\x64\debug\dx11starter.tlog\cl.write.1.tlog
c:\users\corinne green\desktop\dx11starter\dx11starter\x64\debug\dx11starter.tlog\dx11starter.write.1u.tlog
c:\users\corinne green\desktop\dx11starter\dx11starter\x64\debug\dx11starter.tlog\fxc.command.1.tlog
c:\users\corinne green\desktop\dx11starter\dx11starter\x64\debug\dx11starter.tlog\fxc.read.1.tlog
c:\users\corinne green\desktop\dx11starter\dx11starter\x64\debug\dx11starter.tlog\fxc.write.1.tlog
c:\users\corinne green\desktop\dx11starter\dx11starter\x64\debug\dx11starter.tlog\link.command.1.tlog
c:\users\corinne green\desktop\dx11starter\dx11starter\x64\debug\dx11starter.tlog\link.read.1.tlog
c:\users\corinne green\desktop\dx11starter\dx11starter\x64\debug\dx11starter.tlog\link.write.1.tlog
